This file contains any messages produced by compilers while
running configure, to aid debugging if configure makes a mistake.

It was created by QTPD_DAQ configure v1.2, which was
generated by GNU Autoconf 2.69.  Invocation command line was

  $ ./configure 

## --------- ##
## Platform. ##
## --------- ##

hostname = merlino.pv.infn.it
uname -m = x86_64
uname -r = 5.14.0-611.34.1.el9_7.x86_64
uname -s = Linux
uname -v = #1 SMP PREEMPT_DYNAMIC Wed Feb 18 05:51:10 EST 2026

/usr/bin/uname -p = x86_64
/bin/uname -X     = unknown

/bin/arch              = x86_64
/usr/bin/arch -k       = unknown
/usr/convex/getsysinfo = unknown
/usr/bin/hostinfo      = unknown
/bin/machine           = unknown
/usr/bin/oslevel       = unknown
/bin/universe          = unknown

PATH: /usr/local/root/bin
PATH: /home/eudaq/scripts
PATH: /home/eudaq/.local/bin
PATH: /home/eudaq/bin
PATH: /usr/sue/bin
PATH: /usr/share/Modules/bin
PATH: /usr/local/bin
PATH: /usr/local/sbin
PATH: /usr/bin
PATH: /usr/sbin
PATH: /opt/puppetlabs/bin


## ----------- ##
## Core tests. ##
## ----------- ##

configure:2121: checking for a BSD-compatible install
configure:2189: result: /usr/bin/install -c
configure:2200: checking whether build environment is sane
configure:2255: result: yes
configure:2406: checking for a thread-safe mkdir -p
configure:2445: result: /usr/bin/mkdir -p
configure:2452: checking for gawk
configure:2468: found /usr/bin/gawk
configure:2479: result: gawk
configure:2490: checking whether make sets $(MAKE)
configure:2512: result: yes
configure:2541: checking whether make supports nested variables
configure:2558: result: yes
configure:2647: checking whether UID '1001' is supported by ustar format
configure:2650: result: yes
configure:2657: checking whether GID '1001' is supported by ustar format
configure:2660: result: yes
configure:2668: checking how to create a ustar tar archive
configure:2679: tar --version
tar (GNU tar) 1.34
Copyright (C) 2021 Free Software Foundation, Inc.
License GPLv3+: GNU GPL version 3 or later <https://gnu.org/licenses/gpl.html>.
This is free software: you are free to change and redistribute it.
There is NO WARRANTY, to the extent permitted by law.

Written by John Gilmore and Jay Fenlason.
configure:2682: $? = 0
configure:2722: tardir=conftest.dir && eval tar --format=ustar -chf - "$tardir" >conftest.tar
configure:2725: $? = 0
configure:2729: tar -xf - <conftest.tar
configure:2732: $? = 0
configure:2734: cat conftest.dir/file
GrepMe
configure:2737: $? = 0
configure:2750: result: gnutar
configure:2850: checking for gcc
configure:2866: found /usr/bin/gcc
configure:2877: result: gcc
configure:3106: checking for C compiler version
configure:3115: gcc --version >&5
gcc (GCC) 11.5.0 20240719 (Red Hat 11.5.0-11)
Copyright (C) 2021 Free Software Foundation, Inc.
This is free software; see the source for copying conditions.  There is NO
warranty; not even for MERCHANTABILITY or FITNESS FOR A PARTICULAR PURPOSE.

configure:3126: $? = 0
configure:3115: gcc -v >&5
Using built-in specs.
COLLECT_GCC=gcc
COLLECT_LTO_WRAPPER=/usr/libexec/gcc/x86_64-redhat-linux/11/lto-wrapper
OFFLOAD_TARGET_NAMES=nvptx-none
OFFLOAD_TARGET_DEFAULT=1
Target: x86_64-redhat-linux
Configured with: ../configure --enable-bootstrap --enable-host-pie --enable-host-bind-now --enable-languages=c,c++,fortran,lto --prefix=/usr --mandir=/usr/share/man --infodir=/usr/share/info --with-bugurl=http://bugs.almalinux.org/ --enable-shared --enable-threads=posix --enable-checking=release --with-system-zlib --enable-__cxa_atexit --disable-libunwind-exceptions --enable-gnu-unique-object --enable-linker-build-id --with-gcc-major-version-only --enable-plugin --enable-initfini-array --without-isl --enable-multilib --with-linker-hash-style=gnu --enable-offload-targets=nvptx-none --without-cuda-driver --enable-gnu-indirect-function --enable-cet --with-tune=generic --with-arch_64=x86-64-v2 --with-arch_32=x86-64 --build=x86_64-redhat-linux --with-build-config=bootstrap-lto --enable-link-serialization=1
Thread model: posix
Supported LTO compression algorithms: zlib zstd
gcc version 11.5.0 20240719 (Red Hat 11.5.0-11) (GCC) 
... rest of stderr output deleted ...
configure:3126: $? = 0
configure:3115: gcc -V >&5
gcc: error: unrecognized command-line option '-V'
gcc: fatal error: no input files
compilation terminated.
configure:3126: $? = 1
configure:3115: gcc -qversion >&5
gcc: error: unrecognized command-line option '-qversion'; did you mean '--version'?
gcc: fatal error: no input files
compilation terminated.
configure:3126: $? = 1
configure:3146: checking whether the C compiler works
configure:3168: gcc    conftest.c  >&5
configure:3172: $? = 0
configure:3220: result: yes
configure:3223: checking for C compiler default output file name
configure:3225: result: a.out
configure:3231: checking for suffix of executables
configure:3238: gcc -o conftest    conftest.c  >&5
configure:3242: $? = 0
configure:3264: result: 
configure:3286: checking whether we are cross compiling
configure:3294: gcc -o conftest    conftest.c  >&5
configure:3298: $? = 0
configure:3305: ./conftest
configure:3309: $? = 0
configure:3324: result: no
configure:3329: checking for suffix of object files
configure:3351: gcc -c   conftest.c >&5
configure:3355: $? = 0
configure:3376: result: o
configure:3380: checking whether we are using the GNU C compiler
configure:3399: gcc -c   conftest.c >&5
configure:3399: $? = 0
configure:3408: result: yes
configure:3417: checking whether gcc accepts -g
configure:3437: gcc -c -g  conftest.c >&5
configure:3437: $? = 0
configure:3478: result: yes
configure:3495: checking for gcc option to accept ISO C89
configure:3558: gcc  -c -g -O2  conftest.c >&5
configure:3558: $? = 0
configure:3571: result: none needed
configure:3596: checking whether gcc understands -c and -o together
configure:3618: gcc -c conftest.c -o conftest2.o
configure:3621: $? = 0
configure:3618: gcc -c conftest.c -o conftest2.o
configure:3621: $? = 0
configure:3633: result: yes
configure:3661: checking for style of include used by make
configure:3689: result: GNU
configure:3715: checking dependency style of gcc
configure:3826: result: gcc3
configure:3841: checking for gcc option to accept ISO C99
configure:3990: gcc  -c -g -O2  conftest.c >&5
configure:3990: $? = 0
configure:4003: result: none needed
configure:4031: checking how to run the C preprocessor
configure:4062: gcc -E  conftest.c
configure:4062: $? = 0
configure:4076: gcc -E  conftest.c
conftest.c:12:10: fatal error: ac_nonexistent.h: No such file or directory
   12 | #include <ac_nonexistent.h>
      |          ^~~~~~~~~~~~~~~~~~
compilation terminated.
configure:4076: $? = 1
configure: failed program was:
| /* confdefs.h */
| #define PACKAGE_NAME "QTPD_DAQ"
| #define PACKAGE_TARNAME "qtpd_daq"
| #define PACKAGE_VERSION "v1.2"
| #define PACKAGE_STRING "QTPD_DAQ v1.2"
| #define PACKAGE_BUGREPORT "support.computing@caen.it"
| #define PACKAGE_URL ""
| #define PACKAGE "qtpd_daq"
| #define VERSION "v1.2"
| #define LINUX 1
| /* end confdefs.h.  */
| #include <ac_nonexistent.h>
configure:4101: result: gcc -E
configure:4121: gcc -E  conftest.c
configure:4121: $? = 0
configure:4135: gcc -E  conftest.c
conftest.c:12:10: fatal error: ac_nonexistent.h: No such file or directory
   12 | #include <ac_nonexistent.h>
      |          ^~~~~~~~~~~~~~~~~~
compilation terminated.
configure:4135: $? = 1
configure: failed program was:
| /* confdefs.h */
| #define PACKAGE_NAME "QTPD_DAQ"
| #define PACKAGE_TARNAME "qtpd_daq"
| #define PACKAGE_VERSION "v1.2"
| #define PACKAGE_STRING "QTPD_DAQ v1.2"
| #define PACKAGE_BUGREPORT "support.computing@caen.it"
| #define PACKAGE_URL ""
| #define PACKAGE "qtpd_daq"
| #define VERSION "v1.2"
| #define LINUX 1
| /* end confdefs.h.  */
| #include <ac_nonexistent.h>
configure:4164: checking for grep that handles long lines and -e
configure:4222: result: /usr/bin/grep
configure:4227: checking for egrep
configure:4289: result: /usr/bin/grep -E
configure:4294: checking for ANSI C header files
configure:4314: gcc -c -g -O2  conftest.c >&5
configure:4314: $? = 0
configure:4387: gcc -o conftest -g -O2   conftest.c  >&5
configure:4387: $? = 0
configure:4387: ./conftest
configure:4387: $? = 0
configure:4398: result: yes
configure:4411: checking for sys/types.h
configure:4411: gcc -c -g -O2  conftest.c >&5
configure:4411: $? = 0
configure:4411: result: yes
configure:4411: checking for sys/stat.h
configure:4411: gcc -c -g -O2  conftest.c >&5
configure:4411: $? = 0
configure:4411: result: yes
configure:4411: checking for stdlib.h
configure:4411: gcc -c -g -O2  conftest.c >&5
configure:4411: $? = 0
configure:4411: result: yes
configure:4411: checking for string.h
configure:4411: gcc -c -g -O2  conftest.c >&5
configure:4411: $? = 0
configure:4411: result: yes
configure:4411: checking for memory.h
configure:4411: gcc -c -g -O2  conftest.c >&5
configure:4411: $? = 0
configure:4411: result: yes
configure:4411: checking for strings.h
configure:4411: gcc -c -g -O2  conftest.c >&5
configure:4411: $? = 0
configure:4411: result: yes
configure:4411: checking for inttypes.h
configure:4411: gcc -c -g -O2  conftest.c >&5
configure:4411: $? = 0
configure:4411: result: yes
configure:4411: checking for stdint.h
configure:4411: gcc -c -g -O2  conftest.c >&5
configure:4411: $? = 0
configure:4411: result: yes
configure:4411: checking for unistd.h
configure:4411: gcc -c -g -O2  conftest.c >&5
configure:4411: $? = 0
configure:4411: result: yes
configure:4423: checking CAENVMElib.h usability
configure:4423: gcc -c -g -O2  conftest.c >&5
configure:4423: $? = 0
configure:4423: result: yes
configure:4423: checking CAENVMElib.h presence
configure:4423: gcc -E  conftest.c
configure:4423: $? = 0
configure:4423: result: yes
configure:4423: checking for CAENVMElib.h
configure:4423: result: yes
configure:4431: checking for library containing CAENVME_Init2
configure:4462: gcc -o conftest -g -O2   conftest.c  >&5
/usr/bin/ld: /tmp/eudaq/ccJIwuKm.o: in function `main':
/home/eudaq/Downloads/qtpd_daq-v1.2/conftest.c:33: undefined reference to `CAENVME_Init2'
collect2: error: ld returned 1 exit status
configure:4462: $? = 1
configure: failed program was:
| /* confdefs.h */
| #define PACKAGE_NAME "QTPD_DAQ"
| #define PACKAGE_TARNAME "qtpd_daq"
| #define PACKAGE_VERSION "v1.2"
| #define PACKAGE_STRING "QTPD_DAQ v1.2"
| #define PACKAGE_BUGREPORT "support.computing@caen.it"
| #define PACKAGE_URL ""
| #define PACKAGE "qtpd_daq"
| #define VERSION "v1.2"
| #define LINUX 1
| #define STDC_HEADERS 1
| #define HAVE_SYS_TYPES_H 1
| #define HAVE_SYS_STAT_H 1
| #define HAVE_STDLIB_H 1
| #define HAVE_STRING_H 1
| #define HAVE_MEMORY_H 1
| #define HAVE_STRINGS_H 1
| #define HAVE_INTTYPES_H 1
| #define HAVE_STDINT_H 1
| #define HAVE_UNISTD_H 1
| /* end confdefs.h.  */
| 
| /* Override any GCC internal prototype to avoid an error.
|    Use char because int might match the return type of a GCC
|    builtin and then its argument prototype would still apply.  */
| #ifdef __cplusplus
| extern "C"
| #endif
| char CAENVME_Init2 ();
| int
| main ()
| {
| return CAENVME_Init2 ();
|   ;
|   return 0;
| }
configure:4462: gcc -o conftest -g -O2   conftest.c -lCAENVME   >&5
configure:4462: $? = 0
configure:4479: result: -lCAENVME
configure:4493: checking for gnuplot
configure:4509: found /usr/bin/gnuplot
configure:4521: result: yes
configure:4676: checking that generated files are newer than configure
configure:4682: result: done
configure:4705: creating ./config.status

## ---------------------- ##
## Running config.status. ##
## ---------------------- ##

This file was extended by QTPD_DAQ config.status v1.2, which was
generated by GNU Autoconf 2.69.  Invocation command line was

  CONFIG_FILES    = 
  CONFIG_HEADERS  = 
  CONFIG_LINKS    = 
  CONFIG_COMMANDS = 
  $ ./config.status 

on merlino.pv.infn.it

config.status:778: creating Makefile
config.status:778: creating src/Makefile
config.status:950: executing depfiles commands

## ---------------- ##
## Cache variables. ##
## ---------------- ##

ac_cv_c_compiler_gnu=yes
ac_cv_env_CC_set=
ac_cv_env_CC_value=
ac_cv_env_CFLAGS_set=
ac_cv_env_CFLAGS_value=
ac_cv_env_CPPFLAGS_set=
ac_cv_env_CPPFLAGS_value=
ac_cv_env_CPP_set=
ac_cv_env_CPP_value=
ac_cv_env_LDFLAGS_set=
ac_cv_env_LDFLAGS_value=
ac_cv_env_LIBS_set=
ac_cv_env_LIBS_value=
ac_cv_env_build_alias_set=
ac_cv_env_build_alias_value=
ac_cv_env_host_alias_set=
ac_cv_env_host_alias_value=
ac_cv_env_target_alias_set=
ac_cv_env_target_alias_value=
ac_cv_header_CAENVMElib_h=yes
ac_cv_header_inttypes_h=yes
ac_cv_header_memory_h=yes
ac_cv_header_stdc=yes
ac_cv_header_stdint_h=yes
ac_cv_header_stdlib_h=yes
ac_cv_header_string_h=yes
ac_cv_header_strings_h=yes
ac_cv_header_sys_stat_h=yes
ac_cv_header_sys_types_h=yes
ac_cv_header_unistd_h=yes
ac_cv_objext=o
ac_cv_path_EGREP='/usr/bin/grep -E'
ac_cv_path_GREP=/usr/bin/grep
ac_cv_path_install='/usr/bin/install -c'
ac_cv_path_mkdir=/usr/bin/mkdir
ac_cv_prog_AWK=gawk
ac_cv_prog_CPP='gcc -E'
ac_cv_prog_GNUPLOT=yes
ac_cv_prog_ac_ct_CC=gcc
ac_cv_prog_cc_c89=
ac_cv_prog_cc_c99=
ac_cv_prog_cc_g=yes
ac_cv_prog_make_make_set=yes
ac_cv_search_CAENVME_Init2=-lCAENVME
am_cv_CC_dependencies_compiler_type=gcc3
am_cv_make_support_nested_variables=yes
am_cv_prog_cc_c_o=yes
am_cv_prog_tar_ustar=gnutar

## ----------------- ##
## Output variables. ##
## ----------------- ##

ACLOCAL='${SHELL} /home/eudaq/Downloads/qtpd_daq-v1.2/missing aclocal-1.14'
AMDEPBACKSLASH='\'
AMDEP_FALSE='#'
AMDEP_TRUE=''
AMTAR='$${TAR-tar}'
AM_BACKSLASH='\'
AM_DEFAULT_V='$(AM_DEFAULT_VERBOSITY)'
AM_DEFAULT_VERBOSITY='1'
AM_V='$(V)'
AUTOCONF='${SHELL} /home/eudaq/Downloads/qtpd_daq-v1.2/missing autoconf'
AUTOHEADER='${SHELL} /home/eudaq/Downloads/qtpd_daq-v1.2/missing autoheader'
AUTOMAKE='${SHELL} /home/eudaq/Downloads/qtpd_daq-v1.2/missing automake-1.14'
AWK='gawk'
CC='gcc'
CCDEPMODE='depmode=gcc3'
CFLAGS='-g -O2'
CPP='gcc -E'
CPPFLAGS=''
CYGPATH_W='echo'
DEFS='-DPACKAGE_NAME=\"QTPD_DAQ\" -DPACKAGE_TARNAME=\"qtpd_daq\" -DPACKAGE_VERSION=\"v1.2\" -DPACKAGE_STRING=\"QTPD_DAQ\ v1.2\" -DPACKAGE_BUGREPORT=\"support.computing@caen.it\" -DPACKAGE_URL=\"\" -DPACKAGE=\"qtpd_daq\" -DVERSION=\"v1.2\" -DLINUX=1 -DSTDC_HEADERS=1 -DHAVE_SYS_TYPES_H=1 -DHAVE_SYS_STAT_H=1 -DHAVE_STDLIB_H=1 -DHAVE_STRING_H=1 -DHAVE_MEMORY_H=1 -DHAVE_STRINGS_H=1 -DHAVE_INTTYPES_H=1 -DHAVE_STDINT_H=1 -DHAVE_UNISTD_H=1'
DEPDIR='.deps'
ECHO_C=''
ECHO_N='-n'
ECHO_T=''
EGREP='/usr/bin/grep -E'
EXEEXT=''
GNUPLOT='yes'
GREP='/usr/bin/grep'
INSTALL_DATA='${INSTALL} -m 644'
INSTALL_PROGRAM='${INSTALL}'
INSTALL_SCRIPT='${INSTALL}'
INSTALL_STRIP_PROGRAM='$(install_sh) -c -s'
LDFLAGS=''
LIBOBJS=''
LIBS='-lCAENVME '
LTLIBOBJS=''
MAKEINFO='${SHELL} /home/eudaq/Downloads/qtpd_daq-v1.2/missing makeinfo'
MKDIR_P='/usr/bin/mkdir -p'
OBJEXT='o'
PACKAGE='qtpd_daq'
PACKAGE_BUGREPORT='support.computing@caen.it'
PACKAGE_NAME='QTPD_DAQ'
PACKAGE_STRING='QTPD_DAQ v1.2'
PACKAGE_TARNAME='qtpd_daq'
PACKAGE_URL=''
PACKAGE_VERSION='v1.2'
PATH_SEPARATOR=':'
SET_MAKE=''
SHELL='/bin/sh'
STRIP=''
VERSION='v1.2'
ac_ct_CC='gcc'
am__EXEEXT_FALSE=''
am__EXEEXT_TRUE='#'
am__fastdepCC_FALSE='#'
am__fastdepCC_TRUE=''
am__include='include'
am__isrc=''
am__leading_dot='.'
am__nodep='_no'
am__quote=''
am__tar='tar --format=ustar -chf - "$$tardir"'
am__untar='tar -xf -'
bindir='${exec_prefix}/bin'
build_alias=''
datadir='${datarootdir}'
datarootdir='${prefix}/share'
docdir='${datarootdir}/doc/${PACKAGE_TARNAME}'
dvidir='${docdir}'
exec_prefix='${prefix}'
host_alias=''
htmldir='${docdir}'
includedir='${prefix}/include'
infodir='${datarootdir}/info'
install_sh='${SHELL} /home/eudaq/Downloads/qtpd_daq-v1.2/install-sh'
libdir='${exec_prefix}/lib'
libexecdir='${exec_prefix}/libexec'
localedir='${datarootdir}/locale'
localstatedir='${prefix}/var'
mandir='${datarootdir}/man'
mkdir_p='$(MKDIR_P)'
oldincludedir='/usr/include'
pdfdir='${docdir}'
prefix='/usr/local'
program_transform_name='s,x,x,'
psdir='${docdir}'
sbindir='${exec_prefix}/sbin'
sharedstatedir='${prefix}/com'
sysconfdir='${prefix}/etc'
target_alias=''

## ----------- ##
## confdefs.h. ##
## ----------- ##

/* confdefs.h */
#define PACKAGE_NAME "QTPD_DAQ"
#define PACKAGE_TARNAME "qtpd_daq"
#define PACKAGE_VERSION "v1.2"
#define PACKAGE_STRING "QTPD_DAQ v1.2"
#define PACKAGE_BUGREPORT "support.computing@caen.it"
#define PACKAGE_URL ""
#define PACKAGE "qtpd_daq"
#define VERSION "v1.2"
#define LINUX 1
#define STDC_HEADERS 1
#define HAVE_SYS_TYPES_H 1
#define HAVE_SYS_STAT_H 1
#define HAVE_STDLIB_H 1
#define HAVE_STRING_H 1
#define HAVE_MEMORY_H 1
#define HAVE_STRINGS_H 1
#define HAVE_INTTYPES_H 1
#define HAVE_STDINT_H 1
#define HAVE_UNISTD_H 1

configure: exit 0
